<?xml version="1.0" encoding="UTF-8"?>
<testsuite xmlns:xsi="http://www.w3.org/2001/XMLSchema-instance" xsi:noNamespaceSchemaLocation="https://maven.apache.org/surefire/maven-surefire-plugin/xsd/surefire-test-report-3.0.xsd" version="3.0" name="GitHub API functionality testcases" time="2.664" tests="1" errors="0" skipped="0" failures="0">
  <properties>
    <property name="java.specification.version" value="15"/>
    <property name="sun.jnu.encoding" value="UTF-8"/>
    <property name="java.class.path" value="/Users/Gudimella.Naresh/Desktop/Mohan/githubapiprojectsample-main/target/test-classes:/Users/Gudimella.Naresh/Desktop/Mohan/githubapiprojectsample-main/target/classes:/Users/Gudimella.Naresh/.m2/repository/org/springframework/boot/spring-boot-starter-web/2.5.0-SNAPSHOT/spring-boot-starter-web-2.5.0-SNAPSHOT.jar:/Users/Gudimella.Naresh/.m2/repository/org/springframework/boot/spring-boot-starter/2.5.0-SNAPSHOT/spring-boot-starter-2.5.0-SNAPSHOT.jar:/Users/Gudimella.Naresh/.m2/repository/org/springframework/boot/spring-boot/2.5.0-SNAPSHOT/spring-boot-2.5.0-SNAPSHOT.jar:/Users/Gudimella.Naresh/.m2/repository/org/springframework/boot/spring-boot-autoconfigure/2.5.0-SNAPSHOT/spring-boot-autoconfigure-2.5.0-SNAPSHOT.jar:/Users/Gudimella.Naresh/.m2/repository/org/springframework/boot/spring-boot-starter-logging/2.5.0-SNAPSHOT/spring-boot-starter-logging-2.5.0-SNAPSHOT.jar:/Users/Gudimella.Naresh/.m2/repository/ch/qos/logback/logback-classic/1.2.3/logback-classic-1.2.3.jar:/Users/Gudimella.Naresh/.m2/repository/ch/qos/logback/logback-core/1.2.3/logback-core-1.2.3.jar:/Users/Gudimella.Naresh/.m2/repository/org/apache/logging/log4j/log4j-to-slf4j/2.14.1/log4j-to-slf4j-2.14.1.jar:/Users/Gudimella.Naresh/.m2/repository/org/apache/logging/log4j/log4j-api/2.14.1/log4j-api-2.14.1.jar:/Users/Gudimella.Naresh/.m2/repository/org/slf4j/jul-to-slf4j/1.7.30/jul-to-slf4j-1.7.30.jar:/Users/Gudimella.Naresh/.m2/repository/jakarta/annotation/jakarta.annotation-api/1.3.5/jakarta.annotation-api-1.3.5.jar:/Users/Gudimella.Naresh/.m2/repository/org/yaml/snakeyaml/1.28/snakeyaml-1.28.jar:/Users/Gudimella.Naresh/.m2/repository/org/springframework/boot/spring-boot-starter-json/2.5.0-SNAPSHOT/spring-boot-starter-json-2.5.0-SNAPSHOT.jar:/Users/Gudimella.Naresh/.m2/repository/com/fasterxml/jackson/datatype/jackson-datatype-jdk8/2.12.3/jackson-datatype-jdk8-2.12.3.jar:/Users/Gudimella.Naresh/.m2/repository/com/fasterxml/jackson/datatype/jackson-datatype-jsr310/2.12.3/jackson-datatype-jsr310-2.12.3.jar:/Users/Gudimella.Naresh/.m2/repository/com/fasterxml/jackson/module/jackson-module-parameter-names/2.12.3/jackson-module-parameter-names-2.12.3.jar:/Users/Gudimella.Naresh/.m2/repository/org/springframework/boot/spring-boot-starter-tomcat/2.5.0-SNAPSHOT/spring-boot-starter-tomcat-2.5.0-SNAPSHOT.jar:/Users/Gudimella.Naresh/.m2/repository/org/apache/tomcat/embed/tomcat-embed-core/9.0.46/tomcat-embed-core-9.0.46.jar:/Users/Gudimella.Naresh/.m2/repository/org/apache/tomcat/embed/tomcat-embed-el/9.0.46/tomcat-embed-el-9.0.46.jar:/Users/Gudimella.Naresh/.m2/repository/org/apache/tomcat/embed/tomcat-embed-websocket/9.0.46/tomcat-embed-websocket-9.0.46.jar:/Users/Gudimella.Naresh/.m2/repository/org/springframework/spring-web/5.3.7/spring-web-5.3.7.jar:/Users/Gudimella.Naresh/.m2/repository/org/springframework/spring-beans/5.3.7/spring-beans-5.3.7.jar:/Users/Gudimella.Naresh/.m2/repository/org/springframework/spring-webmvc/5.3.7/spring-webmvc-5.3.7.jar:/Users/Gudimella.Naresh/.m2/repository/org/springframework/spring-aop/5.3.7/spring-aop-5.3.7.jar:/Users/Gudimella.Naresh/.m2/repository/org/springframework/spring-context/5.3.7/spring-context-5.3.7.jar:/Users/Gudimella.Naresh/.m2/repository/org/springframework/spring-expression/5.3.7/spring-expression-5.3.7.jar:/Users/Gudimella.Naresh/.m2/repository/org/springframework/boot/spring-boot-starter-test/2.5.0-SNAPSHOT/spring-boot-starter-test-2.5.0-SNAPSHOT.jar:/Users/Gudimella.Naresh/.m2/repository/org/springframework/boot/spring-boot-test/2.5.0-SNAPSHOT/spring-boot-test-2.5.0-SNAPSHOT.jar:/Users/Gudimella.Naresh/.m2/repository/org/springframework/boot/spring-boot-test-autoconfigure/2.5.0-SNAPSHOT/spring-boot-test-autoconfigure-2.5.0-SNAPSHOT.jar:/Users/Gudimella.Naresh/.m2/repository/com/jayway/jsonpath/json-path/2.5.0/json-path-2.5.0.jar:/Users/Gudimella.Naresh/.m2/repository/net/minidev/json-smart/2.4.7/json-smart-2.4.7.jar:/Users/Gudimella.Naresh/.m2/repository/net/minidev/accessors-smart/2.4.7/accessors-smart-2.4.7.jar:/Users/Gudimella.Naresh/.m2/repository/org/ow2/asm/asm/9.1/asm-9.1.jar:/Users/Gudimella.Naresh/.m2/repository/org/slf4j/slf4j-api/1.7.30/slf4j-api-1.7.30.jar:/Users/Gudimella.Naresh/.m2/repository/jakarta/xml/bind/jakarta.xml.bind-api/2.3.3/jakarta.xml.bind-api-2.3.3.jar:/Users/Gudimella.Naresh/.m2/repository/jakarta/activation/jakarta.activation-api/1.2.2/jakarta.activation-api-1.2.2.jar:/Users/Gudimella.Naresh/.m2/repository/org/assertj/assertj-core/3.19.0/assertj-core-3.19.0.jar:/Users/Gudimella.Naresh/.m2/repository/org/hamcrest/hamcrest/2.2/hamcrest-2.2.jar:/Users/Gudimella.Naresh/.m2/repository/org/junit/jupiter/junit-jupiter/5.7.2/junit-jupiter-5.7.2.jar:/Users/Gudimella.Naresh/.m2/repository/org/junit/jupiter/junit-jupiter-api/5.7.2/junit-jupiter-api-5.7.2.jar:/Users/Gudimella.Naresh/.m2/repository/org/opentest4j/opentest4j/1.2.0/opentest4j-1.2.0.jar:/Users/Gudimella.Naresh/.m2/repository/org/junit/platform/junit-platform-commons/1.7.2/junit-platform-commons-1.7.2.jar:/Users/Gudimella.Naresh/.m2/repository/org/junit/jupiter/junit-jupiter-params/5.7.2/junit-jupiter-params-5.7.2.jar:/Users/Gudimella.Naresh/.m2/repository/org/junit/jupiter/junit-jupiter-engine/5.7.2/junit-jupiter-engine-5.7.2.jar:/Users/Gudimella.Naresh/.m2/repository/org/junit/platform/junit-platform-engine/1.7.2/junit-platform-engine-1.7.2.jar:/Users/Gudimella.Naresh/.m2/repository/org/mockito/mockito-core/3.9.0/mockito-core-3.9.0.jar:/Users/Gudimella.Naresh/.m2/repository/net/bytebuddy/byte-buddy/1.10.22/byte-buddy-1.10.22.jar:/Users/Gudimella.Naresh/.m2/repository/net/bytebuddy/byte-buddy-agent/1.10.22/byte-buddy-agent-1.10.22.jar:/Users/Gudimella.Naresh/.m2/repository/org/objenesis/objenesis/3.2/objenesis-3.2.jar:/Users/Gudimella.Naresh/.m2/repository/org/mockito/mockito-junit-jupiter/3.9.0/mockito-junit-jupiter-3.9.0.jar:/Users/Gudimella.Naresh/.m2/repository/org/skyscreamer/jsonassert/1.5.0/jsonassert-1.5.0.jar:/Users/Gudimella.Naresh/.m2/repository/com/vaadin/external/google/android-json/0.0.20131108.vaadin1/android-json-0.0.20131108.vaadin1.jar:/Users/Gudimella.Naresh/.m2/repository/org/springframework/spring-core/5.3.7/spring-core-5.3.7.jar:/Users/Gudimella.Naresh/.m2/repository/org/springframework/spring-jcl/5.3.7/spring-jcl-5.3.7.jar:/Users/Gudimella.Naresh/.m2/repository/org/springframework/spring-test/5.3.7/spring-test-5.3.7.jar:/Users/Gudimella.Naresh/.m2/repository/org/xmlunit/xmlunit-core/2.8.2/xmlunit-core-2.8.2.jar:/Users/Gudimella.Naresh/.m2/repository/org/apache/commons/commons-lang3/3.12.0/commons-lang3-3.12.0.jar:/Users/Gudimella.Naresh/.m2/repository/net/logstash/logback/logstash-logback-encoder/5.2/logstash-logback-encoder-5.2.jar:/Users/Gudimella.Naresh/.m2/repository/com/fasterxml/jackson/core/jackson-databind/2.12.3/jackson-databind-2.12.3.jar:/Users/Gudimella.Naresh/.m2/repository/com/fasterxml/jackson/core/jackson-annotations/2.12.3/jackson-annotations-2.12.3.jar:/Users/Gudimella.Naresh/.m2/repository/com/fasterxml/jackson/core/jackson-core/2.12.3/jackson-core-2.12.3.jar:/Users/Gudimella.Naresh/.m2/repository/io/cucumber/cucumber-java/5.0.0-RC1/cucumber-java-5.0.0-RC1.jar:/Users/Gudimella.Naresh/.m2/repository/io/cucumber/cucumber-core/5.0.0-RC1/cucumber-core-5.0.0-RC1.jar:/Users/Gudimella.Naresh/.m2/repository/io/cucumber/gherkin/5.2.0/gherkin-5.2.0.jar:/Users/Gudimella.Naresh/.m2/repository/io/cucumber/gherkin-jvm-deps/1.0.6/gherkin-jvm-deps-1.0.6.jar:/Users/Gudimella.Naresh/.m2/repository/io/cucumber/tag-expressions/2.0.2/tag-expressions-2.0.2.jar:/Users/Gudimella.Naresh/.m2/repository/io/cucumber/cucumber-expressions/8.0.0/cucumber-expressions-8.0.0.jar:/Users/Gudimella.Naresh/.m2/repository/org/hamcrest/hamcrest-library/2.2/hamcrest-library-2.2.jar:/Users/Gudimella.Naresh/.m2/repository/io/cucumber/datatable/3.0.0/datatable-3.0.0.jar:/Users/Gudimella.Naresh/.m2/repository/io/cucumber/datatable-dependencies/3.0.0/datatable-dependencies-3.0.0.jar:/Users/Gudimella.Naresh/.m2/repository/io/cucumber/cucumber-plugin/5.0.0-RC1/cucumber-plugin-5.0.0-RC1.jar:/Users/Gudimella.Naresh/.m2/repository/io/cucumber/docstring/5.0.0-RC1/docstring-5.0.0-RC1.jar:/Users/Gudimella.Naresh/.m2/repository/org/apiguardian/apiguardian-api/1.1.0/apiguardian-api-1.1.0.jar:/Users/Gudimella.Naresh/.m2/repository/io/cucumber/cucumber-junit/5.0.0-RC1/cucumber-junit-5.0.0-RC1.jar:/Users/Gudimella.Naresh/.m2/repository/junit/junit/4.13.2/junit-4.13.2.jar:/Users/Gudimella.Naresh/.m2/repository/org/hamcrest/hamcrest-core/2.2/hamcrest-core-2.2.jar:/Users/Gudimella.Naresh/.m2/repository/io/cucumber/cucumber-spring/5.0.0-RC1/cucumber-spring-5.0.0-RC1.jar:"/>
    <property name="java.vm.vendor" value="Oracle Corporation"/>
    <property name="sun.arch.data.model" value="64"/>
    <property name="java.vendor.url" value="https://java.oracle.com/"/>
    <property name="os.name" value="Mac OS X"/>
    <property name="java.vm.specification.version" value="15"/>
    <property name="sun.java.launcher" value="SUN_STANDARD"/>
    <property name="user.country" value="NL"/>
    <property name="sun.boot.library.path" value="/Applications/SpringToolSuite4.app/Contents/Eclipse/plugins/org.eclipse.justj.openjdk.hotspot.jre.full.macosx.x86_64_15.0.2.v20210201-0955/jre/lib"/>
    <property name="sun.java.command" value="/Users/Gudimella.Naresh/Desktop/Mohan/githubapiprojectsample-main/target/surefire/surefirebooter6573955826175399510.jar /Users/Gudimella.Naresh/Desktop/Mohan/githubapiprojectsample-main/target/surefire 2021-09-11T10-05-20_921-jvmRun1 surefire7349510359793589159tmp surefire_07756596080244309534tmp"/>
    <property name="jdk.debug" value="release"/>
    <property name="surefire.test.class.path" value="/Users/Gudimella.Naresh/Desktop/Mohan/githubapiprojectsample-main/target/test-classes:/Users/Gudimella.Naresh/Desktop/Mohan/githubapiprojectsample-main/target/classes:/Users/Gudimella.Naresh/.m2/repository/org/springframework/boot/spring-boot-starter-web/2.5.0-SNAPSHOT/spring-boot-starter-web-2.5.0-SNAPSHOT.jar:/Users/Gudimella.Naresh/.m2/repository/org/springframework/boot/spring-boot-starter/2.5.0-SNAPSHOT/spring-boot-starter-2.5.0-SNAPSHOT.jar:/Users/Gudimella.Naresh/.m2/repository/org/springframework/boot/spring-boot/2.5.0-SNAPSHOT/spring-boot-2.5.0-SNAPSHOT.jar:/Users/Gudimella.Naresh/.m2/repository/org/springframework/boot/spring-boot-autoconfigure/2.5.0-SNAPSHOT/spring-boot-autoconfigure-2.5.0-SNAPSHOT.jar:/Users/Gudimella.Naresh/.m2/repository/org/springframework/boot/spring-boot-starter-logging/2.5.0-SNAPSHOT/spring-boot-starter-logging-2.5.0-SNAPSHOT.jar:/Users/Gudimella.Naresh/.m2/repository/ch/qos/logback/logback-classic/1.2.3/logback-classic-1.2.3.jar:/Users/Gudimella.Naresh/.m2/repository/ch/qos/logback/logback-core/1.2.3/logback-core-1.2.3.jar:/Users/Gudimella.Naresh/.m2/repository/org/apache/logging/log4j/log4j-to-slf4j/2.14.1/log4j-to-slf4j-2.14.1.jar:/Users/Gudimella.Naresh/.m2/repository/org/apache/logging/log4j/log4j-api/2.14.1/log4j-api-2.14.1.jar:/Users/Gudimella.Naresh/.m2/repository/org/slf4j/jul-to-slf4j/1.7.30/jul-to-slf4j-1.7.30.jar:/Users/Gudimella.Naresh/.m2/repository/jakarta/annotation/jakarta.annotation-api/1.3.5/jakarta.annotation-api-1.3.5.jar:/Users/Gudimella.Naresh/.m2/repository/org/yaml/snakeyaml/1.28/snakeyaml-1.28.jar:/Users/Gudimella.Naresh/.m2/repository/org/springframework/boot/spring-boot-starter-json/2.5.0-SNAPSHOT/spring-boot-starter-json-2.5.0-SNAPSHOT.jar:/Users/Gudimella.Naresh/.m2/repository/com/fasterxml/jackson/datatype/jackson-datatype-jdk8/2.12.3/jackson-datatype-jdk8-2.12.3.jar:/Users/Gudimella.Naresh/.m2/repository/com/fasterxml/jackson/datatype/jackson-datatype-jsr310/2.12.3/jackson-datatype-jsr310-2.12.3.jar:/Users/Gudimella.Naresh/.m2/repository/com/fasterxml/jackson/module/jackson-module-parameter-names/2.12.3/jackson-module-parameter-names-2.12.3.jar:/Users/Gudimella.Naresh/.m2/repository/org/springframework/boot/spring-boot-starter-tomcat/2.5.0-SNAPSHOT/spring-boot-starter-tomcat-2.5.0-SNAPSHOT.jar:/Users/Gudimella.Naresh/.m2/repository/org/apache/tomcat/embed/tomcat-embed-core/9.0.46/tomcat-embed-core-9.0.46.jar:/Users/Gudimella.Naresh/.m2/repository/org/apache/tomcat/embed/tomcat-embed-el/9.0.46/tomcat-embed-el-9.0.46.jar:/Users/Gudimella.Naresh/.m2/repository/org/apache/tomcat/embed/tomcat-embed-websocket/9.0.46/tomcat-embed-websocket-9.0.46.jar:/Users/Gudimella.Naresh/.m2/repository/org/springframework/spring-web/5.3.7/spring-web-5.3.7.jar:/Users/Gudimella.Naresh/.m2/repository/org/springframework/spring-beans/5.3.7/spring-beans-5.3.7.jar:/Users/Gudimella.Naresh/.m2/repository/org/springframework/spring-webmvc/5.3.7/spring-webmvc-5.3.7.jar:/Users/Gudimella.Naresh/.m2/repository/org/springframework/spring-aop/5.3.7/spring-aop-5.3.7.jar:/Users/Gudimella.Naresh/.m2/repository/org/springframework/spring-context/5.3.7/spring-context-5.3.7.jar:/Users/Gudimella.Naresh/.m2/repository/org/springframework/spring-expression/5.3.7/spring-expression-5.3.7.jar:/Users/Gudimella.Naresh/.m2/repository/org/springframework/boot/spring-boot-starter-test/2.5.0-SNAPSHOT/spring-boot-starter-test-2.5.0-SNAPSHOT.jar:/Users/Gudimella.Naresh/.m2/repository/org/springframework/boot/spring-boot-test/2.5.0-SNAPSHOT/spring-boot-test-2.5.0-SNAPSHOT.jar:/Users/Gudimella.Naresh/.m2/repository/org/springframework/boot/spring-boot-test-autoconfigure/2.5.0-SNAPSHOT/spring-boot-test-autoconfigure-2.5.0-SNAPSHOT.jar:/Users/Gudimella.Naresh/.m2/repository/com/jayway/jsonpath/json-path/2.5.0/json-path-2.5.0.jar:/Users/Gudimella.Naresh/.m2/repository/net/minidev/json-smart/2.4.7/json-smart-2.4.7.jar:/Users/Gudimella.Naresh/.m2/repository/net/minidev/accessors-smart/2.4.7/accessors-smart-2.4.7.jar:/Users/Gudimella.Naresh/.m2/repository/org/ow2/asm/asm/9.1/asm-9.1.jar:/Users/Gudimella.Naresh/.m2/repository/org/slf4j/slf4j-api/1.7.30/slf4j-api-1.7.30.jar:/Users/Gudimella.Naresh/.m2/repository/jakarta/xml/bind/jakarta.xml.bind-api/2.3.3/jakarta.xml.bind-api-2.3.3.jar:/Users/Gudimella.Naresh/.m2/repository/jakarta/activation/jakarta.activation-api/1.2.2/jakarta.activation-api-1.2.2.jar:/Users/Gudimella.Naresh/.m2/repository/org/assertj/assertj-core/3.19.0/assertj-core-3.19.0.jar:/Users/Gudimella.Naresh/.m2/repository/org/hamcrest/hamcrest/2.2/hamcrest-2.2.jar:/Users/Gudimella.Naresh/.m2/repository/org/junit/jupiter/junit-jupiter/5.7.2/junit-jupiter-5.7.2.jar:/Users/Gudimella.Naresh/.m2/repository/org/junit/jupiter/junit-jupiter-api/5.7.2/junit-jupiter-api-5.7.2.jar:/Users/Gudimella.Naresh/.m2/repository/org/opentest4j/opentest4j/1.2.0/opentest4j-1.2.0.jar:/Users/Gudimella.Naresh/.m2/repository/org/junit/platform/junit-platform-commons/1.7.2/junit-platform-commons-1.7.2.jar:/Users/Gudimella.Naresh/.m2/repository/org/junit/jupiter/junit-jupiter-params/5.7.2/junit-jupiter-params-5.7.2.jar:/Users/Gudimella.Naresh/.m2/repository/org/junit/jupiter/junit-jupiter-engine/5.7.2/junit-jupiter-engine-5.7.2.jar:/Users/Gudimella.Naresh/.m2/repository/org/junit/platform/junit-platform-engine/1.7.2/junit-platform-engine-1.7.2.jar:/Users/Gudimella.Naresh/.m2/repository/org/mockito/mockito-core/3.9.0/mockito-core-3.9.0.jar:/Users/Gudimella.Naresh/.m2/repository/net/bytebuddy/byte-buddy/1.10.22/byte-buddy-1.10.22.jar:/Users/Gudimella.Naresh/.m2/repository/net/bytebuddy/byte-buddy-agent/1.10.22/byte-buddy-agent-1.10.22.jar:/Users/Gudimella.Naresh/.m2/repository/org/objenesis/objenesis/3.2/objenesis-3.2.jar:/Users/Gudimella.Naresh/.m2/repository/org/mockito/mockito-junit-jupiter/3.9.0/mockito-junit-jupiter-3.9.0.jar:/Users/Gudimella.Naresh/.m2/repository/org/skyscreamer/jsonassert/1.5.0/jsonassert-1.5.0.jar:/Users/Gudimella.Naresh/.m2/repository/com/vaadin/external/google/android-json/0.0.20131108.vaadin1/android-json-0.0.20131108.vaadin1.jar:/Users/Gudimella.Naresh/.m2/repository/org/springframework/spring-core/5.3.7/spring-core-5.3.7.jar:/Users/Gudimella.Naresh/.m2/repository/org/springframework/spring-jcl/5.3.7/spring-jcl-5.3.7.jar:/Users/Gudimella.Naresh/.m2/repository/org/springframework/spring-test/5.3.7/spring-test-5.3.7.jar:/Users/Gudimella.Naresh/.m2/repository/org/xmlunit/xmlunit-core/2.8.2/xmlunit-core-2.8.2.jar:/Users/Gudimella.Naresh/.m2/repository/org/apache/commons/commons-lang3/3.12.0/commons-lang3-3.12.0.jar:/Users/Gudimella.Naresh/.m2/repository/net/logstash/logback/logstash-logback-encoder/5.2/logstash-logback-encoder-5.2.jar:/Users/Gudimella.Naresh/.m2/repository/com/fasterxml/jackson/core/jackson-databind/2.12.3/jackson-databind-2.12.3.jar:/Users/Gudimella.Naresh/.m2/repository/com/fasterxml/jackson/core/jackson-annotations/2.12.3/jackson-annotations-2.12.3.jar:/Users/Gudimella.Naresh/.m2/repository/com/fasterxml/jackson/core/jackson-core/2.12.3/jackson-core-2.12.3.jar:/Users/Gudimella.Naresh/.m2/repository/io/cucumber/cucumber-java/5.0.0-RC1/cucumber-java-5.0.0-RC1.jar:/Users/Gudimella.Naresh/.m2/repository/io/cucumber/cucumber-core/5.0.0-RC1/cucumber-core-5.0.0-RC1.jar:/Users/Gudimella.Naresh/.m2/repository/io/cucumber/gherkin/5.2.0/gherkin-5.2.0.jar:/Users/Gudimella.Naresh/.m2/repository/io/cucumber/gherkin-jvm-deps/1.0.6/gherkin-jvm-deps-1.0.6.jar:/Users/Gudimella.Naresh/.m2/repository/io/cucumber/tag-expressions/2.0.2/tag-expressions-2.0.2.jar:/Users/Gudimella.Naresh/.m2/repository/io/cucumber/cucumber-expressions/8.0.0/cucumber-expressions-8.0.0.jar:/Users/Gudimella.Naresh/.m2/repository/org/hamcrest/hamcrest-library/2.2/hamcrest-library-2.2.jar:/Users/Gudimella.Naresh/.m2/repository/io/cucumber/datatable/3.0.0/datatable-3.0.0.jar:/Users/Gudimella.Naresh/.m2/repository/io/cucumber/datatable-dependencies/3.0.0/datatable-dependencies-3.0.0.jar:/Users/Gudimella.Naresh/.m2/repository/io/cucumber/cucumber-plugin/5.0.0-RC1/cucumber-plugin-5.0.0-RC1.jar:/Users/Gudimella.Naresh/.m2/repository/io/cucumber/docstring/5.0.0-RC1/docstring-5.0.0-RC1.jar:/Users/Gudimella.Naresh/.m2/repository/org/apiguardian/apiguardian-api/1.1.0/apiguardian-api-1.1.0.jar:/Users/Gudimella.Naresh/.m2/repository/io/cucumber/cucumber-junit/5.0.0-RC1/cucumber-junit-5.0.0-RC1.jar:/Users/Gudimella.Naresh/.m2/repository/junit/junit/4.13.2/junit-4.13.2.jar:/Users/Gudimella.Naresh/.m2/repository/org/hamcrest/hamcrest-core/2.2/hamcrest-core-2.2.jar:/Users/Gudimella.Naresh/.m2/repository/io/cucumber/cucumber-spring/5.0.0-RC1/cucumber-spring-5.0.0-RC1.jar:"/>
    <property name="sun.cpu.endian" value="little"/>
    <property name="user.home" value="/Users/Gudimella.Naresh"/>
    <property name="user.language" value="en"/>
    <property name="java.specification.vendor" value="Oracle Corporation"/>
    <property name="java.version.date" value="2021-01-19"/>
    <property name="java.home" value="/Applications/SpringToolSuite4.app/Contents/Eclipse/plugins/org.eclipse.justj.openjdk.hotspot.jre.full.macosx.x86_64_15.0.2.v20210201-0955/jre"/>
    <property name="file.separator" value="/"/>
    <property name="style.color" value="always"/>
    <property name="basedir" value="/Users/Gudimella.Naresh/Desktop/Mohan/githubapiprojectsample-main"/>
    <property name="java.vm.compressedOopsMode" value="Zero based"/>
    <property name="line.separator" value="&#10;"/>
    <property name="java.vm.specification.vendor" value="Oracle Corporation"/>
    <property name="java.specification.name" value="Java Platform API Specification"/>
    <property name="surefire.real.class.path" value="/Users/Gudimella.Naresh/Desktop/Mohan/githubapiprojectsample-main/target/surefire/surefirebooter6573955826175399510.jar"/>
    <property name="sun.management.compiler" value="HotSpot 64-Bit Tiered Compilers"/>
    <property name="java.runtime.version" value="15.0.2+7-27"/>
    <property name="user.name" value="Gudimella.Naresh"/>
    <property name="path.separator" value=":"/>
    <property name="os.version" value="10.16"/>
    <property name="java.runtime.name" value="OpenJDK Runtime Environment"/>
    <property name="file.encoding" value="UTF-8"/>
    <property name="java.vm.name" value="OpenJDK 64-Bit Server VM"/>
    <property name="localRepository" value="/Users/Gudimella.Naresh/.m2/repository"/>
    <property name="java.vendor.url.bug" value="https://bugreport.java.com/bugreport/"/>
    <property name="java.io.tmpdir" value="/var/folders/19/j5pw35f56jg8p1c_kd0wl23r0000gp/T/"/>
    <property name="java.version" value="15.0.2"/>
    <property name="user.dir" value="/Users/Gudimella.Naresh/Desktop/Mohan/githubapiprojectsample-main"/>
    <property name="os.arch" value="x86_64"/>
    <property name="java.vm.specification.name" value="Java Virtual Machine Specification"/>
    <property name="java.library.path" value="/Users/Gudimella.Naresh/Library/Java/Extensions:/Library/Java/Extensions:/Network/Library/Java/Extensions:/System/Library/Java/Extensions:/usr/lib/java:."/>
    <property name="java.vm.info" value="mixed mode"/>
    <property name="java.vendor" value="Oracle Corporation"/>
    <property name="java.vm.version" value="15.0.2+7-27"/>
    <property name="sun.io.unicode.encoding" value="UnicodeBig"/>
    <property name="java.class.version" value="59.0"/>
  </properties>
  <testcase name="Fetch the most starred Github repositories and order the results decreasingly" classname="GitHub API functionality testcases" time="2.65"/>
</testsuite>